   1281 50
 280598 49
  96908 48
  37145 47
   8570 46
   8103 45
   8372 44
   8917 43
   9395 42
   9707 41
  10037 40
  10610 39
  11118 38
  11702 37
  12174 36
  12772 35
  13572 34
  14548 33
  15169 32
  16363 31
  17388 30
  18403 29
  19810 28
  20942 27
  22425 26
  24366 25
  25991 24
  28435 23
  30906 22
  33608 21
  36725 20
  40778 19
  45165 18
  49653 17
  55770 16
  62725 15
  67628 14
  81067 13
  93875 12
 110352 11
 130415 10
 158010 9
 193688 8
 230671 7
 313195 6
 425757 5
 575781 4
 854416 3
1063337 2
 908489 1
     16 N_Rbins
     16 delineates
 815445 0
    208 
